2019-10-11 14:44:58,292 - Log4JLogChute initialized using file 'velocity.log'
2019-10-11 14:44:58,293 - Initializing Velocity, Calling init()...
2019-10-11 14:44:58,293 - Starting Apache Velocity v1.7 (compiled: 2010-11-19 12:14:37)
2019-10-11 14:44:58,293 - Default Properties File: org\apache\velocity\runtime\defaults\velocity.properties
2019-10-11 14:44:58,293 - Trying to use logger class org.apache.velocity.runtime.log.AvalonLogChute
2019-10-11 14:44:58,293 - Target log system for org.apache.velocity.runtime.log.AvalonLogChute is not available (java.lang.NoClassDefFoundError: org/apache/log/Priority).  Falling back to next log system...
2019-10-11 14:44:58,293 - Trying to use logger class org.apache.velocity.runtime.log.Log4JLogChute
2019-10-11 14:44:58,293 - Using logger class org.apache.velocity.runtime.log.Log4JLogChute
2019-10-11 14:44:58,298 - ResourceLoader instantiated: org.apache.velocity.runtime.resource.loader.ClasspathResourceLoader
2019-10-11 14:44:58,309 - ResourceCache: initialized (class org.apache.velocity.runtime.resource.ResourceCacheImpl) with class java.util.Collections$SynchronizedMap cache map.
2019-10-11 14:44:58,312 - Loaded System Directive: org.apache.velocity.runtime.directive.Stop
2019-10-11 14:44:58,313 - Loaded System Directive: org.apache.velocity.runtime.directive.Define
2019-10-11 14:44:58,313 - Loaded System Directive: org.apache.velocity.runtime.directive.Break
2019-10-11 14:44:58,313 - Loaded System Directive: org.apache.velocity.runtime.directive.Evaluate
2019-10-11 14:44:58,314 - Loaded System Directive: org.apache.velocity.runtime.directive.Literal
2019-10-11 14:44:58,315 - Loaded System Directive: org.apache.velocity.runtime.directive.Macro
2019-10-11 14:44:58,317 - Loaded System Directive: org.apache.velocity.runtime.directive.Parse
2019-10-11 14:44:58,317 - Loaded System Directive: org.apache.velocity.runtime.directive.Include
2019-10-11 14:44:58,319 - Loaded System Directive: org.apache.velocity.runtime.directive.Foreach
2019-10-11 14:44:58,330 - Created '20' parsers.
2019-10-11 14:44:58,332 - Velocimacro : "velocimacro.library" is not set.  Trying default library: VM_global_library.vm
2019-10-11 14:44:58,334 - Could not load resource 'VM_global_library.vm' from ResourceLoader org.apache.velocity.runtime.resource.loader.ClasspathResourceLoader: ClasspathResourceLoader Error: cannot find resource VM_global_library.vm
2019-10-11 14:44:58,334 - Velocimacro : Default library not found.
2019-10-11 14:44:58,334 - Velocimacro : allowInline = true : VMs can be defined inline in templates
2019-10-11 14:44:58,334 - Velocimacro : allowInlineToOverride = false : VMs defined inline may NOT replace previous VM definitions
2019-10-11 14:44:58,334 - Velocimacro : allowInlineLocal = false : VMs defined inline will be global in scope if allowed.
2019-10-11 14:44:58,334 - Velocimacro : autoload off : VM system will not automatically reload global library macros
2019-10-11 14:44:58,353 - ResourceManager : found /templates/entity.java.vm with loader org.apache.velocity.runtime.resource.loader.ClasspathResourceLoader
2019-10-11 14:44:58,361 - Left side (${versionFieldName}) of '==' operation has null value. If it is a reference, it may not be in the context or its toString() returned null. /templates/entity.java.vm[line 76, column 26]
2019-10-11 14:44:58,361 - Left side (${logicDeleteFieldName}) of '==' operation has null value. If it is a reference, it may not be in the context or its toString() returned null. /templates/entity.java.vm[line 80, column 30]
2019-10-11 14:44:58,361 - Left side (${versionFieldName}) of '==' operation has null value. If it is a reference, it may not be in the context or its toString() returned null. /templates/entity.java.vm[line 76, column 26]
2019-10-11 14:44:58,361 - Left side (${logicDeleteFieldName}) of '==' operation has null value. If it is a reference, it may not be in the context or its toString() returned null. /templates/entity.java.vm[line 80, column 30]
2019-10-11 14:44:58,361 - Left side (${versionFieldName}) of '==' operation has null value. If it is a reference, it may not be in the context or its toString() returned null. /templates/entity.java.vm[line 76, column 26]
2019-10-11 14:44:58,361 - Left side (${logicDeleteFieldName}) of '==' operation has null value. If it is a reference, it may not be in the context or its toString() returned null. /templates/entity.java.vm[line 80, column 30]
2019-10-11 14:44:58,361 - Left side (${versionFieldName}) of '==' operation has null value. If it is a reference, it may not be in the context or its toString() returned null. /templates/entity.java.vm[line 76, column 26]
2019-10-11 14:44:58,361 - Left side (${logicDeleteFieldName}) of '==' operation has null value. If it is a reference, it may not be in the context or its toString() returned null. /templates/entity.java.vm[line 80, column 30]
2019-10-11 14:44:58,361 - Left side (${versionFieldName}) of '==' operation has null value. If it is a reference, it may not be in the context or its toString() returned null. /templates/entity.java.vm[line 76, column 26]
2019-10-11 14:44:58,361 - Left side (${logicDeleteFieldName}) of '==' operation has null value. If it is a reference, it may not be in the context or its toString() returned null. /templates/entity.java.vm[line 80, column 30]
2019-10-11 14:44:58,366 - ResourceManager : found /templates/mapper.java.vm with loader org.apache.velocity.runtime.resource.loader.ClasspathResourceLoader
2019-10-11 14:44:58,368 - ResourceManager : found /templates/mapper.xml.vm with loader org.apache.velocity.runtime.resource.loader.ClasspathResourceLoader
2019-10-11 14:44:58,371 - ResourceManager : found /templates/service.java.vm with loader org.apache.velocity.runtime.resource.loader.ClasspathResourceLoader
2019-10-11 14:44:58,373 - ResourceManager : found /templates/serviceImpl.java.vm with loader org.apache.velocity.runtime.resource.loader.ClasspathResourceLoader
2019-10-11 14:44:58,375 - ResourceManager : found /templates/controller.java.vm with loader org.apache.velocity.runtime.resource.loader.ClasspathResourceLoader
